2025-08-19 23:07:25 [[32minfo[39m]: Home route accessed
2025-08-19 23:08:02 [[31merror[39m]: Something went wrong
2025-08-19 23:09:19 [[32minfo[39m]: Home route accessed
2025-08-19 23:09:38 [[31merror[39m]: Something went wrong
2025-08-26 17:54:42 [[32minfo[39m]: Home route accessed
2025-08-26 18:34:39 [[31merror[39m]: TypeError: nodeMailer.createTransporter is not a function
    at sendWelcomeEmail (C:\Users\sulee\Desktop\HEADNEST\emailService.js:8:36)
    at Worker.connection.connection [as processFn] (C:\Users\sulee\Desktop\HEADNEST\worker.js:19:11)
    at Worker.callProcessJob (C:\Users\sulee\Desktop\HEADNEST\node_modules\bullmq\dist\cjs\classes\worker.js:139:21)
    at C:\Users\sulee\Desktop\HEADNEST\node_modules\bullmq\dist\cjs\classes\worker.js:498:43
    at trace (C:\Users\sulee\Desktop\HEADNEST\node_modules\bullmq\dist\cjs\utils.js:275:16)
    at Worker.trace (C:\Users\sulee\Desktop\HEADNEST\node_modules\bullmq\dist\cjs\classes\queue-base.js:152:34)
    at Worker.processJob (C:\Users\sulee\Desktop\HEADNEST\node_modules\bullmq\dist\cjs\classes\worker.js:481:21)
    at C:\Users\sulee\Desktop\HEADNEST\node_modules\bullmq\dist\cjs\classes\worker.js:266:66
    at Worker.retryIfFailed (C:\Users\sulee\Desktop\HEADNEST\node_modules\bullmq\dist\cjs\classes\worker.js:776:30)
    at Worker.mainLoop (C:\Users\sulee\Desktop\HEADNEST\node_modules\bullmq\dist\cjs\classes\worker.js:266:41)
2025-08-26 18:34:40 [[31merror[39m]: TypeError: nodeMailer.createTransporter is not a function
    at sendWelcomeEmail (C:\Users\sulee\Desktop\HEADNEST\emailService.js:8:36)
    at Worker.connection.connection [as processFn] (C:\Users\sulee\Desktop\HEADNEST\worker.js:19:11)
    at Worker.callProcessJob (C:\Users\sulee\Desktop\HEADNEST\node_modules\bullmq\dist\cjs\classes\worker.js:139:21)
    at C:\Users\sulee\Desktop\HEADNEST\node_modules\bullmq\dist\cjs\classes\worker.js:498:43
    at trace (C:\Users\sulee\Desktop\HEADNEST\node_modules\bullmq\dist\cjs\utils.js:275:16)
    at Worker.trace (C:\Users\sulee\Desktop\HEADNEST\node_modules\bullmq\dist\cjs\classes\queue-base.js:152:34)
    at Worker.processJob (C:\Users\sulee\Desktop\HEADNEST\node_modules\bullmq\dist\cjs\classes\worker.js:481:21)
    at C:\Users\sulee\Desktop\HEADNEST\node_modules\bullmq\dist\cjs\classes\worker.js:266:66
    at Worker.retryIfFailed (C:\Users\sulee\Desktop\HEADNEST\node_modules\bullmq\dist\cjs\classes\worker.js:776:30)
    at Worker.mainLoop (C:\Users\sulee\Desktop\HEADNEST\node_modules\bullmq\dist\cjs\classes\worker.js:266:41)
2025-08-26 18:34:40 [[31merror[39m]: TypeError: nodeMailer.createTransporter is not a function
    at sendWelcomeEmail (C:\Users\sulee\Desktop\HEADNEST\emailService.js:8:36)
    at Worker.connection.connection [as processFn] (C:\Users\sulee\Desktop\HEADNEST\worker.js:19:11)
    at Worker.callProcessJob (C:\Users\sulee\Desktop\HEADNEST\node_modules\bullmq\dist\cjs\classes\worker.js:139:21)
    at C:\Users\sulee\Desktop\HEADNEST\node_modules\bullmq\dist\cjs\classes\worker.js:498:43
    at trace (C:\Users\sulee\Desktop\HEADNEST\node_modules\bullmq\dist\cjs\utils.js:275:16)
    at Worker.trace (C:\Users\sulee\Desktop\HEADNEST\node_modules\bullmq\dist\cjs\classes\queue-base.js:152:34)
    at Worker.processJob (C:\Users\sulee\Desktop\HEADNEST\node_modules\bullmq\dist\cjs\classes\worker.js:481:21)
    at C:\Users\sulee\Desktop\HEADNEST\node_modules\bullmq\dist\cjs\classes\worker.js:266:66
    at Worker.retryIfFailed (C:\Users\sulee\Desktop\HEADNEST\node_modules\bullmq\dist\cjs\classes\worker.js:776:30)
    at Worker.mainLoop (C:\Users\sulee\Desktop\HEADNEST\node_modules\bullmq\dist\cjs\classes\worker.js:266:41)
2025-08-26 18:34:40 [[31merror[39m]: TypeError: nodeMailer.createTransporter is not a function
    at sendWelcomeEmail (C:\Users\sulee\Desktop\HEADNEST\emailService.js:8:36)
    at Worker.connection.connection [as processFn] (C:\Users\sulee\Desktop\HEADNEST\worker.js:19:11)
    at Worker.callProcessJob (C:\Users\sulee\Desktop\HEADNEST\node_modules\bullmq\dist\cjs\classes\worker.js:139:21)
    at C:\Users\sulee\Desktop\HEADNEST\node_modules\bullmq\dist\cjs\classes\worker.js:498:43
    at trace (C:\Users\sulee\Desktop\HEADNEST\node_modules\bullmq\dist\cjs\utils.js:275:16)
    at Worker.trace (C:\Users\sulee\Desktop\HEADNEST\node_modules\bullmq\dist\cjs\classes\queue-base.js:152:34)
    at Worker.processJob (C:\Users\sulee\Desktop\HEADNEST\node_modules\bullmq\dist\cjs\classes\worker.js:481:21)
    at C:\Users\sulee\Desktop\HEADNEST\node_modules\bullmq\dist\cjs\classes\worker.js:266:66
    at Worker.retryIfFailed (C:\Users\sulee\Desktop\HEADNEST\node_modules\bullmq\dist\cjs\classes\worker.js:776:30)
    at Worker.mainLoop (C:\Users\sulee\Desktop\HEADNEST\node_modules\bullmq\dist\cjs\classes\worker.js:266:41)
2025-08-26 18:34:40 [[31merror[39m]: TypeError: nodeMailer.createTransporter is not a function
    at sendWelcomeEmail (C:\Users\sulee\Desktop\HEADNEST\emailService.js:8:36)
    at Worker.connection.connection [as processFn] (C:\Users\sulee\Desktop\HEADNEST\worker.js:19:11)
    at Worker.callProcessJob (C:\Users\sulee\Desktop\HEADNEST\node_modules\bullmq\dist\cjs\classes\worker.js:139:21)
    at C:\Users\sulee\Desktop\HEADNEST\node_modules\bullmq\dist\cjs\classes\worker.js:498:43
    at trace (C:\Users\sulee\Desktop\HEADNEST\node_modules\bullmq\dist\cjs\utils.js:275:16)
    at Worker.trace (C:\Users\sulee\Desktop\HEADNEST\node_modules\bullmq\dist\cjs\classes\queue-base.js:152:34)
    at Worker.processJob (C:\Users\sulee\Desktop\HEADNEST\node_modules\bullmq\dist\cjs\classes\worker.js:481:21)
    at C:\Users\sulee\Desktop\HEADNEST\node_modules\bullmq\dist\cjs\classes\worker.js:266:66
    at Worker.retryIfFailed (C:\Users\sulee\Desktop\HEADNEST\node_modules\bullmq\dist\cjs\classes\worker.js:776:30)
    at Worker.mainLoop (C:\Users\sulee\Desktop\HEADNEST\node_modules\bullmq\dist\cjs\classes\worker.js:266:41)
2025-08-26 18:43:56 [[32minfo[39m]: Home route accessed
2025-08-26 18:44:03 [[32minfo[39m]: Home route accessed
